.\bin\AForge.Video.FFMPEG.ilk
.\bin\AForge.Video.FFMPEG.pdb
D:\CppWS\iSpy\iSpy Source\Video.FFMPEG\bin\AForge.dll
D:\CppWS\iSpy\iSpy Source\Video.FFMPEG\bin\AForge.Video.dll
D:\CPPWS\ISPY\ISPY SOURCE\VIDEO.FFMPEG\BIN\AFORGE.VIDEO.FFMPEG.DLL
D:\CPPWS\ISPY\ISPY SOURCE\VIDEO.FFMPEG\BIN\AFORGE.VIDEO.FFMPEG.PDB
D:\CPPWS\ISPY\ISPY SOURCE\VIDEO.FFMPEG\BIN\AFORGE.VIDEO.FFMPEG.XML
D:\CPPWS\ISPY\ISPY SOURCE\VIDEO.FFMPEG\RELEASE\AFORGE.VIDEO.FFMPEG.DLL.INTERMEDIATE.MANIFEST
D:\CPPWS\ISPY\ISPY SOURCE\VIDEO.FFMPEG\RELEASE\AFORGE.VIDEO.FFMPEG.PCH
D:\CPPWS\ISPY\ISPY SOURCE\VIDEO.FFMPEG\RELEASE\ASSEMBLYINFO.OBJ
D:\CPPWS\ISPY\ISPY SOURCE\VIDEO.FFMPEG\RELEASE\ASSEMBLYINFO.XDC
D:\CPPWS\ISPY\ISPY SOURCE\VIDEO.FFMPEG\RELEASE\AUDIOCODEC.OBJ
D:\CPPWS\ISPY\ISPY SOURCE\VIDEO.FFMPEG\RELEASE\AUDIOCODEC.XDC
D:\CPPWS\ISPY\ISPY SOURCE\VIDEO.FFMPEG\RELEASE\AUDIOFILEREADER.OBJ
D:\CPPWS\ISPY\ISPY SOURCE\VIDEO.FFMPEG\RELEASE\AUDIOFILEREADER.XDC
D:\CPPWS\ISPY\ISPY SOURCE\VIDEO.FFMPEG\RELEASE\AUDIOFILEWRITER.OBJ
D:\CPPWS\ISPY\ISPY SOURCE\VIDEO.FFMPEG\RELEASE\AUDIOFILEWRITER.XDC
D:\CPPWS\ISPY\ISPY SOURCE\VIDEO.FFMPEG\RELEASE\IMA_ADPCM.OBJ
D:\CPPWS\ISPY\ISPY SOURCE\VIDEO.FFMPEG\RELEASE\IMA_ADPCM.XDC
D:\CPPWS\ISPY\ISPY SOURCE\VIDEO.FFMPEG\RELEASE\METAGEN.WRITE.1.TLOG
D:\CPPWS\ISPY\ISPY SOURCE\VIDEO.FFMPEG\RELEASE\STDAFX.OBJ
D:\CPPWS\ISPY\ISPY SOURCE\VIDEO.FFMPEG\RELEASE\STDAFX.XDC
D:\CPPWS\ISPY\ISPY SOURCE\VIDEO.FFMPEG\RELEASE\VC100.PDB
D:\CPPWS\ISPY\ISPY SOURCE\VIDEO.FFMPEG\RELEASE\VIDEOCODEC.OBJ
D:\CPPWS\ISPY\ISPY SOURCE\VIDEO.FFMPEG\RELEASE\VIDEOCODEC.XDC
D:\CPPWS\ISPY\ISPY SOURCE\VIDEO.FFMPEG\RELEASE\VIDEOFILEREADER.OBJ
D:\CPPWS\ISPY\ISPY SOURCE\VIDEO.FFMPEG\RELEASE\VIDEOFILEREADER.XDC
D:\CPPWS\ISPY\ISPY SOURCE\VIDEO.FFMPEG\RELEASE\VIDEOFILEWRITER.OBJ
D:\CPPWS\ISPY\ISPY SOURCE\VIDEO.FFMPEG\RELEASE\VIDEOFILEWRITER.XDC
D:\CppWS\iSpy\iSpy_yl\Video.FFMPEG\.\bin\AForge.Video.FFMPEG.dll
D:\CppWS\iSpy\iSpy_yl\Video.FFMPEG\bin\AForge.dll
D:\CppWS\iSpy\iSpy_yl\Video.FFMPEG\bin\AForge.Video.dll
D:\CPPWS\ISPY\ISPY_YL\VIDEO.FFMPEG\BIN\AFORGE.VIDEO.FFMPEG.DLL
D:\CPPWS\ISPY\ISPY_YL\VIDEO.FFMPEG\BIN\AFORGE.VIDEO.FFMPEG.PDB
D:\CPPWS\ISPY\ISPY_YL\VIDEO.FFMPEG\BIN\AFORGE.VIDEO.FFMPEG.XML
D:\CppWS\iSpy\iSpy_yl\Video.FFMPEG\Release\AFORGE.VIDEO.DLL.metagen
D:\CPPWS\ISPY\ISPY_YL\VIDEO.FFMPEG\RELEASE\AFORGE.VIDEO.FFMPEG.DLL.INTERMEDIATE.MANIFEST
D:\CPPWS\ISPY\ISPY_YL\VIDEO.FFMPEG\RELEASE\AFORGE.VIDEO.FFMPEG.PCH
D:\CPPWS\ISPY\ISPY_YL\VIDEO.FFMPEG\RELEASE\ASSEMBLYINFO.OBJ
D:\CPPWS\ISPY\ISPY_YL\VIDEO.FFMPEG\RELEASE\ASSEMBLYINFO.XDC
D:\CPPWS\ISPY\ISPY_YL\VIDEO.FFMPEG\RELEASE\AUDIOCODEC.OBJ
D:\CPPWS\ISPY\ISPY_YL\VIDEO.FFMPEG\RELEASE\AUDIOCODEC.XDC
D:\CPPWS\ISPY\ISPY_YL\VIDEO.FFMPEG\RELEASE\AUDIOFILEREADER.OBJ
D:\CPPWS\ISPY\ISPY_YL\VIDEO.FFMPEG\RELEASE\AUDIOFILEREADER.XDC
D:\CPPWS\ISPY\ISPY_YL\VIDEO.FFMPEG\RELEASE\AUDIOFILEWRITER.OBJ
D:\CPPWS\ISPY\ISPY_YL\VIDEO.FFMPEG\RELEASE\AUDIOFILEWRITER.XDC
D:\CppWS\iSpy\iSpy_yl\Video.FFMPEG\Release\cl.command.1.tlog
D:\CppWS\iSpy\iSpy_yl\Video.FFMPEG\Release\CL.read.1.tlog
D:\CppWS\iSpy\iSpy_yl\Video.FFMPEG\Release\CL.write.1.tlog
D:\CPPWS\ISPY\ISPY_YL\VIDEO.FFMPEG\RELEASE\IMA_ADPCM.OBJ
D:\CPPWS\ISPY\ISPY_YL\VIDEO.FFMPEG\RELEASE\IMA_ADPCM.XDC
D:\CppWS\iSpy\iSpy_yl\Video.FFMPEG\Release\link.command.1.tlog
D:\CppWS\iSpy\iSpy_yl\Video.FFMPEG\Release\link.read.1.tlog
D:\CppWS\iSpy\iSpy_yl\Video.FFMPEG\Release\link.write.1.tlog
D:\CppWS\iSpy\iSpy_yl\Video.FFMPEG\Release\metagen.read.1.tlog
D:\CPPWS\ISPY\ISPY_YL\VIDEO.FFMPEG\RELEASE\METAGEN.WRITE.1.TLOG
D:\CppWS\iSpy\iSpy_yl\Video.FFMPEG\Release\MSXML6R.DLL.bi
D:\CppWS\iSpy\iSpy_yl\Video.FFMPEG\Release\mt.command.1.tlog
D:\CppWS\iSpy\iSpy_yl\Video.FFMPEG\Release\mt.read.1.tlog
D:\CppWS\iSpy\iSpy_yl\Video.FFMPEG\Release\mt.write.1.tlog
D:\CppWS\iSpy\iSpy_yl\Video.FFMPEG\Release\ResolveAssemblyReference.cache
D:\CppWS\iSpy\iSpy_yl\Video.FFMPEG\Release\RSAENH.DLL.bi
D:\CPPWS\ISPY\ISPY_YL\VIDEO.FFMPEG\RELEASE\STDAFX.OBJ
D:\CPPWS\ISPY\ISPY_YL\VIDEO.FFMPEG\RELEASE\STDAFX.XDC
D:\CppWS\iSpy\iSpy_yl\Video.FFMPEG\Release\TZRES.DLL.bi
D:\CPPWS\ISPY\ISPY_YL\VIDEO.FFMPEG\RELEASE\VC100.PDB
D:\CppWS\iSpy\iSpy_yl\Video.FFMPEG\Release\Video.FFMPEG.write.1.tlog
D:\CPPWS\ISPY\ISPY_YL\VIDEO.FFMPEG\RELEASE\VIDEOCODEC.OBJ
D:\CPPWS\ISPY\ISPY_YL\VIDEO.FFMPEG\RELEASE\VIDEOCODEC.XDC
D:\CPPWS\ISPY\ISPY_YL\VIDEO.FFMPEG\RELEASE\VIDEOFILEREADER.OBJ
D:\CPPWS\ISPY\ISPY_YL\VIDEO.FFMPEG\RELEASE\VIDEOFILEREADER.XDC
D:\CPPWS\ISPY\ISPY_YL\VIDEO.FFMPEG\RELEASE\VIDEOFILEWRITER.OBJ
D:\CPPWS\ISPY\ISPY_YL\VIDEO.FFMPEG\RELEASE\VIDEOFILEWRITER.XDC
D:\CppWS\iSpy\iSpy_yl\Video.FFMPEG\Release\XDCMake.command.1.tlog
D:\CppWS\iSpy\iSpy_yl\Video.FFMPEG\Release\xdcmake.read.1.tlog
D:\CppWS\iSpy\iSpy_yl\Video.FFMPEG\Release\xdcmake.write.1.tlog
