Build started 15/03/2013 15:45:52.
     1>Project "D:\CppWS\iSpy\iSpy Source\Video.FFMPEG\Video.FFMPEG.vcxproj" on node 2 (build target(s)).
     1>InitializeBuildStatus:
         Creating "Debug\Video.FFMPEG.unsuccessfulbuild" because "AlwaysCreate" was specified.
       ClCompile:
         All outputs are up-to-date.
         All outputs are up-to-date.
       Link:
         All outputs are up-to-date.
         Video.FFMPEG.vcxproj -> D:\CppWS\iSpy\iSpy Source\Video.FFMPEG\.\bin\AForge.Video.FFMPEG.dll
       MetaGen:
       Skipping target "MetaGen" because all output files are up-to-date with respect to the input files.
       XdcMake:
         All outputs are up-to-date.
       PostBuildEvent:
         sn -R ".\bin\AForge.Video.FFMPEG.dll" ".\AForge.Video.FFMPEG.snk"
         :VCEnd
         
         Microsoft (R) .NET Framework Strong Name Utility  Version 4.0.30319.1
         Copyright (c) Microsoft Corporation.  All rights reserved.
         
         Assembly '.\bin\AForge.Video.FFMPEG.dll' successfully re-signed
       FinalizeBuildStatus:
         Deleting file "Debug\Video.FFMPEG.unsuccessfulbuild".
         Touching "Debug\Video.FFMPEG.lastbuildstate".
     1>Done Building Project "D:\CppWS\iSpy\iSpy Source\Video.FFMPEG\Video.FFMPEG.vcxproj" (build target(s)).

Build succeeded.

Time Elapsed 00:00:00.46
